C51 COMPILER V9.59.0.0   MAIN                                                              10/01/2022 23:17:28 PAGE 1   


C51 COMPILER V9.59.0.0, COMPILATION OF MODULE MAIN
OBJECT MODULE PLACED IN .\Objects\main.obj
COMPILER INVOKED BY: D:\keil\C51\BIN\C51.EXE main.c OPTIMIZE(8,SPEED) BROWSE DEBUG OBJECTEXTEND PRINT(.\Listings\main.ls
                    -t) TABS(3) OBJECT(.\Objects\main.obj)

line level    source

   1          #include <REGX52.H>
   2          #include "Delay.h"
   3          #include "LCD1602.h"
   4          #include "MatrixKey.h"
   5          
   6          unsigned char KeyNum ;
   7          unsigned int Password ,count;
   8          
   9          void main()
  10          {
  11   1         LCD_Init();
  12   1         LCD_ShowString(1,1,"Password:");
  13   1         while(1)
  14   1         {
  15   2            KeyNum = MatrixKey();
  16   2            
  17   2            if(KeyNum != 0)
  18   2            {
  19   3               if(KeyNum <= 10)  //如果s1~s10按键按下，输入密码
  20   3               {
  21   4                  if(count < 4) //如果输入次数小于4
  22   4                  {
  23   5                     Password *= 10 ;                  //密码左移一位
  24   5                     Password += KeyNum%10;            //获取一位密码        把10转换为0
  25   5                     count++;                          //计次加一
  26   5                  }
  27   4                  LCD_ShowNum(2,1,Password,4);         //更新显示
  28   4               }
  29   3               if(KeyNum == 11) //确认键
  30   3               {
  31   4                  if(Password == 1314)
  32   4                  {
  33   5                     LCD_ShowString(1,14,"YES");
  34   5                     Password = 0;      //密码清零
  35   5                     count = 0;         //计次清零
  36   5                     LCD_ShowNum(2,1,Password,4);         //更新显示
  37   5                  }
  38   4                  else
  39   4                  {
  40   5                     LCD_ShowString(1,14,"ERR");
  41   5                     Password = 0;      //密码清零
  42   5                     count = 0;         //计次清零
  43   5                     LCD_ShowNum(2,1,Password,4);         //更新显示
  44   5      
  45   5                  }
  46   4               }
  47   3               if(KeyNum == 12) //取消键
  48   3               {
  49   4                  Password = 0;      //密码清零
  50   4                  count = 0;         //计次清零
  51   4                  LCD_ShowNum(2,1,Password,4);         //更新显示
  52   4               }
  53   3               
  54   3            }
C51 COMPILER V9.59.0.0   MAIN                                                              10/01/2022 23:17:28 PAGE 2   

  55   2         }
  56   1      }
  57          
  58          
  59          
  60          


MODULE INFORMATION:   STATIC OVERLAYABLE
   CODE SIZE        =    192    ----
   CONSTANT SIZE    =     18    ----
   XDATA SIZE       =   ----    ----
   PDATA SIZE       =   ----    ----
   DATA SIZE        =      5    ----
   IDATA SIZE       =   ----    ----
   BIT SIZE         =   ----    ----
END OF MODULE INFORMATION.


C51 COMPILATION COMPLETE.  0 WARNING(S),  0 ERROR(S)
