C51 COMPILER V9.59.0.0   MATRIXKEY                                                         10/01/2022 19:33:55 PAGE 1   


C51 COMPILER V9.59.0.0, COMPILATION OF MODULE MATRIXKEY
OBJECT MODULE PLACED IN .\Objects\MatrixKey.obj
COMPILER INVOKED BY: D:\keil\C51\BIN\C51.EXE MatrixKey.c OPTIMIZE(8,SPEED) BROWSE DEBUG OBJECTEXTEND PRINT(.\Listings\Ma
                    -trixKey.lst) TABS(3) OBJECT(.\Objects\MatrixKey.obj)

line level    source

   1          #include <REGX52.H>
   2          
   3          #include "Delay.h"
   4          
   5          /**
   6            * @brief  简介：矩阵键盘读取按键键码
   7            * @param  参数：无
   8            * @retval 返回值：KeyNumber 按下按键的键码值
   9                      如果按键按下不放，程序会停留在此函数，松手的一瞬间，返回按键键码，没
             -有按键按下时，返回0
  10          */
  11            
  12          unsigned char MatrixKey()
  13          {
  14   1         unsigned char KeyNumber = 0 ;
  15   1         //先按列，再按行筛选
  16   1         P1 = 0xff ;
  17   1         P1_3 = 0;
  18   1         if(P1_7 == 0){Delay(20);while(P1_7 == 0);Delay(20);KeyNumber = 1;}
  19   1         if(P1_6 == 0){Delay(20);while(P1_6 == 0);Delay(20);KeyNumber = 5;}
  20   1         if(P1_5 == 0){Delay(20);while(P1_5 == 0);Delay(20);KeyNumber = 9;}
  21   1         if(P1_4 == 0){Delay(20);while(P1_4 == 0);Delay(20);KeyNumber = 13;}
  22   1         
  23   1         
  24   1         P1 = 0xff ;
  25   1         P1_2 = 0;
  26   1         if(P1_7 == 0){Delay(20);while(P1_7 == 0);Delay(20);KeyNumber = 2;}
  27   1         if(P1_6 == 0){Delay(20);while(P1_6 == 0);Delay(20);KeyNumber = 6;}
  28   1         if(P1_5 == 0){Delay(20);while(P1_5 == 0);Delay(20);KeyNumber = 10;}
  29   1         if(P1_4 == 0){Delay(20);while(P1_4 == 0);Delay(20);KeyNumber = 14;}
  30   1         
  31   1         
  32   1         P1 = 0xff ;
  33   1         P1_1 = 0;
  34   1         if(P1_7 == 0){Delay(20);while(P1_7 == 0);Delay(20);KeyNumber = 3;}
  35   1         if(P1_6 == 0){Delay(20);while(P1_6 == 0);Delay(20);KeyNumber = 7;}
  36   1         if(P1_5 == 0){Delay(20);while(P1_5 == 0);Delay(20);KeyNumber = 11;}
  37   1         if(P1_4 == 0){Delay(20);while(P1_4 == 0);Delay(20);KeyNumber = 15;}
  38   1         
  39   1         
  40   1         P1 = 0xff ;
  41   1         P1_0 = 0;
  42   1         if(P1_7 == 0){Delay(20);while(P1_7 == 0);Delay(20);KeyNumber = 4;}
  43   1         if(P1_6 == 0){Delay(20);while(P1_6 == 0);Delay(20);KeyNumber = 8;}
  44   1         if(P1_5 == 0){Delay(20);while(P1_5 == 0);Delay(20);KeyNumber = 12;}
  45   1         if(P1_4 == 0){Delay(20);while(P1_4 == 0);Delay(20);KeyNumber = 16;}
  46   1         
  47   1         return KeyNumber ;
  48   1      }


MODULE INFORMATION:   STATIC OVERLAYABLE
   CODE SIZE        =    393    ----
   CONSTANT SIZE    =   ----    ----
C51 COMPILER V9.59.0.0   MATRIXKEY                                                         10/01/2022 19:33:55 PAGE 2   

   XDATA SIZE       =   ----    ----
   PDATA SIZE       =   ----    ----
   DATA SIZE        =   ----       1
   IDATA SIZE       =   ----    ----
   BIT SIZE         =   ----    ----
END OF MODULE INFORMATION.


C51 COMPILATION COMPLETE.  0 WARNING(S),  0 ERROR(S)
