C51 COMPILER V9.59.0.0   DELAY10US                                                         10/23/2022 09:39:07 PAGE 1   


C51 COMPILER V9.59.0.0, COMPILATION OF MODULE DELAY10US
OBJECT MODULE PLACED IN .\Objects\Delay10us.obj
COMPILER INVOKED BY: D:\keil\C51\BIN\C51.EXE Delay10us.c OPTIMIZE(8,SPEED) BROWSE DEBUG OBJECTEXTEND PRINT(.\Listings\De
                    -lay10us.lst) TABS(3) OBJECT(.\Objects\Delay10us.obj)

line level    source

   1          #include <REGX52.H>
   2          #include <INTRINS.H>
   3          
   4          void Delay10us(unsigned int xus)    //@12.000MHz
   5          {
   6   1         while(xus--)
   7   1         {
   8   2            unsigned char i;
   9   2      
  10   2            _nop_(); //要引<INTRINS.H>
  11   2            i = 2;
  12   2            while (--i);
  13   2         }
  14   1      
  15   1      }


MODULE INFORMATION:   STATIC OVERLAYABLE
   CODE SIZE        =     23    ----
   CONSTANT SIZE    =   ----    ----
   XDATA SIZE       =   ----    ----
   PDATA SIZE       =   ----    ----
   DATA SIZE        =   ----       1
   IDATA SIZE       =   ----    ----
   BIT SIZE         =   ----    ----
END OF MODULE INFORMATION.


C51 COMPILATION COMPLETE.  0 WARNING(S),  0 ERROR(S)
