C51 COMPILER V9.59.0.0   MAIN                                                              10/23/2022 10:13:13 PAGE 1   


C51 COMPILER V9.59.0.0, COMPILATION OF MODULE MAIN
OBJECT MODULE PLACED IN .\Objects\main.obj
COMPILER INVOKED BY: D:\keil\C51\BIN\C51.EXE main.c OPTIMIZE(8,SPEED) BROWSE DEBUG OBJECTEXTEND PRINT(.\Listings\main.ls
                    -t) TABS(3) OBJECT(.\Objects\main.obj)

line level    source

   1          #include <REGX52.H>
   2          #include "Delay10us.h"
   3          #include "LCD1602.h"
   4          //#include "Delay.h"
   5          #include "Timer0.h"
   6          
   7          unsigned int Sec ,Min = 5 ,Hour ;
   8          
   9          sbit DEEP = P2^5 ; //注意是 2^5
  10          
  11          void Buzzer()
  12          {
  13   1         unsigned int i = 2000 ;
  14   1         
  15   1         while(i--)
  16   1            {
  17   2               DEEP = !(DEEP) ; //周期2ms
  18   2               Delay10us(50);
  19   2               DEEP = !(DEEP) ; 
  20   2               Delay10us(150);
  21   2               
  22   2            }
  23   1            i = 0 ;       //让蜂鸣器不发出声音
  24   1            DEEP = 0;
  25   1      }
  26          
  27          
  28          void Timer0_Routine() interrupt 1  //中断功能
  29          {
  30   1         static unsigned int i ;
  31   1         TL0 = 0x18 ;
  32   1         TH0 = 0xFC ;
  33   1         i ++ ;
  34   1         if(i == 1000)
  35   1         {
  36   2            i = 0 ;
  37   2            Sec ++ ;
  38   2            if(Sec >= 60)
  39   2            {
  40   3               Sec = 0;
  41   3               Min++ ;
  42   3               if(Min >= 60)
  43   3               {
  44   4                  Min = 0 ;
  45   4                  Hour ++;
  46   4                  if(Hour == 24)
  47   4                  {
  48   5                     Hour = 0 ;
  49   5                  }
  50   4               }
  51   3            }
  52   2         }
  53   1      }
  54          
C51 COMPILER V9.59.0.0   MAIN                                                              10/23/2022 10:13:13 PAGE 2   

  55          void main()
  56          {  
  57   1         LCD_Init();
  58   1         Timer0Init() ;
  59   1         
  60   1         LCD_ShowString(1,1, "Clock:");
  61   1         LCD_ShowString(2,1 ,"  :  :  ");
  62   1         
  63   1         while(1)
  64   1         {
  65   2            LCD_ShowNum(2,1, Hour, 2);
  66   2            LCD_ShowNum(2,4, Min, 2);
  67   2            LCD_ShowNum(2,7, Sec, 2);
  68   2            
  69   2            if(Min == 5 && Sec == 21)
  70   2            {
  71   3               Buzzer();
  72   3            }
  73   2            //Buzzer();
  74   2         }
  75   1         
  76   1      }
  77          
  78          
  79          


MODULE INFORMATION:   STATIC OVERLAYABLE
   CODE SIZE        =    242    ----
   CONSTANT SIZE    =     16    ----
   XDATA SIZE       =   ----    ----
   PDATA SIZE       =   ----    ----
   DATA SIZE        =      8       2
   IDATA SIZE       =   ----    ----
   BIT SIZE         =   ----    ----
END OF MODULE INFORMATION.


C51 COMPILATION COMPLETE.  0 WARNING(S),  0 ERROR(S)
