C51 COMPILER V9.59.0.0   TIMER0                                                            10/23/2022 09:44:06 PAGE 1   


C51 COMPILER V9.59.0.0, COMPILATION OF MODULE TIMER0
OBJECT MODULE PLACED IN .\Objects\Timer0.obj
COMPILER INVOKED BY: D:\keil\C51\BIN\C51.EXE Timer0.c OPTIMIZE(8,SPEED) BROWSE DEBUG OBJECTEXTEND PRINT(.\Listings\Timer
                    -0.lst) TABS(3) OBJECT(.\Objects\Timer0.obj)

line level    source

   1          #include <REGX52.H>
   2          
   3          //中断初始化函数
   4          void Timer0Init(void)      //1毫秒@12.000MHz
   5          {
   6   1         TMOD &= 0xF0;     //设置定时器模式
   7   1         TMOD |= 0x01;     //设置定时器模式
   8   1         
   9   1         TL0 = 0x18;    //设置定时初值
  10   1         TH0 = 0xFC;    //设置定时初值
  11   1         
  12   1         TF0 = 0;    //清除TF0标志
  13   1         TR0 = 1;    //定时器0开始计时
  14   1         
  15   1         ET0 = 1 ;
  16   1         EA = 1 ;
  17   1         PT0 = 0 ;
  18   1      }
  19          
  20          
  21          //void Timer0_Routine() interrupt 1
  22          //{
  23          // static unsigned int i ;
  24          // TL0 = 0x18 ;
  25          // TH0 = 0xFC ;
  26          // i ++ ;
  27          // if(i == 1000)
  28          // {
  29          //    i = 0 ;
  30          //    Sec ++ ;
  31          // }
  32          //}
  33          


MODULE INFORMATION:   STATIC OVERLAYABLE
   CODE SIZE        =     23    ----
   CONSTANT SIZE    =   ----    ----
   XDATA SIZE       =   ----    ----
   PDATA SIZE       =   ----    ----
   DATA SIZE        =   ----    ----
   IDATA SIZE       =   ----    ----
   BIT SIZE         =   ----    ----
END OF MODULE INFORMATION.


C51 COMPILATION COMPLETE.  0 WARNING(S),  0 ERROR(S)
