C51 COMPILER V9.59.0.0   BUZZER                                                            10/23/2022 09:39:07 PAGE 1   


C51 COMPILER V9.59.0.0, COMPILATION OF MODULE BUZZER
OBJECT MODULE PLACED IN .\Objects\Buzzer.obj
COMPILER INVOKED BY: D:\keil\C51\BIN\C51.EXE Buzzer.c OPTIMIZE(8,SPEED) BROWSE DEBUG OBJECTEXTEND PRINT(.\Listings\Buzze
                    -r.lst) TABS(3) OBJECT(.\Objects\Buzzer.obj)

line level    source

   1          #include <REGX52.H>
   2          //#inlude "Delay10us.h"
   3          #include <INTRINS.H>
   4          
   5          //sbit DEEP = P2^5 ; //注意是 2^5
   6          
   7          //void Buzzer()
   8          //{
   9          // unsigned int i = 2000 ;
  10          // 
  11          // while(i--)
  12          //    {
  13          //       DEEP = !(DEEP) ; //周期2ms
  14          //       Delay10us(50);
  15          //       DEEP = !(DEEP) ; 
  16          //       Delay10us(150);
  17          //       
  18          //    }
  19          //    i = 0 ;       //让蜂鸣器不发出声音
  20          //    DEEP = 0;
  21          //}


MODULE INFORMATION:   STATIC OVERLAYABLE
   CODE SIZE        =   ----    ----
   CONSTANT SIZE    =   ----    ----
   XDATA SIZE       =   ----    ----
   PDATA SIZE       =   ----    ----
   DATA SIZE        =   ----    ----
   IDATA SIZE       =   ----    ----
   BIT SIZE         =   ----    ----
END OF MODULE INFORMATION.


C51 COMPILATION COMPLETE.  0 WARNING(S),  0 ERROR(S)
