C51 COMPILER V9.59.0.0   MAIN                                                              10/13/2022 21:43:06 PAGE 1   


C51 COMPILER V9.59.0.0, COMPILATION OF MODULE MAIN
OBJECT MODULE PLACED IN .\Objects\main.obj
COMPILER INVOKED BY: D:\keil\C51\BIN\C51.EXE main.c OPTIMIZE(8,SPEED) BROWSE DEBUG OBJECTEXTEND PRINT(.\Listings\main.ls
                    -t) TABS(3) OBJECT(.\Objects\main.obj)

line level    source

   1          #include <REGX52.H>
   2          
   3          #include <INTRINS.H>
   4          
   5          //功能：
   6          
   7          sbit LED1 = P2^0 ; //定义
   8          
   9          
  10          
  11          void time0_init(void) //初始化
  12          {
  13   1         TMOD |= 0X01 ; //工作方式1
  14   1         TH0 = 0XFC ; //定时器初值，定时1ms ,FC18
  15   1         TL0 = 0X18 ;
  16   1         ET0 = 1 ; //打开中断允许
  17   1         EA = 1 ; //打开总中断
  18   1         TR0 = 1 ; //打开定时器
  19   1      }
  20          
  21          
  22          void time0() interrupt 1 //定时器0中断   功能
  23          {
  24   1         static unsigned int i = 0 ;
  25   1         
  26   1         TH0 = 0XFC ; 
  27   1         TL0 = 0X18 ;
  28   1         
  29   1         i++ ;
  30   1         if(i == 1000) //1s
  31   1         {
  32   2            i = 0 ;
  33   2            LED1 =!LED1 ;
  34   2         }
  35   1      }
  36          
  37          
  38          
  39          void main()
  40          {
  41   1         time0_init();
  42   1      
  43   1         while(1)
  44   1         {
  45   2            P2_1 = 0 ;
  46   2         }
  47   1      }
  48          
  49          
  50          
  51          


MODULE INFORMATION:   STATIC OVERLAYABLE
C51 COMPILER V9.59.0.0   MAIN                                                              10/13/2022 21:43:06 PAGE 2   

   CODE SIZE        =     62    ----
   CONSTANT SIZE    =   ----    ----
   XDATA SIZE       =   ----    ----
   PDATA SIZE       =   ----    ----
   DATA SIZE        =      2    ----
   IDATA SIZE       =   ----    ----
   BIT SIZE         =   ----    ----
END OF MODULE INFORMATION.


C51 COMPILATION COMPLETE.  0 WARNING(S),  0 ERROR(S)
